<?xml version="1.0" encoding="UTF-8"?>
<testsuite xmlns:xsi="http://www.w3.org/2001/XMLSchema-instance" xsi:noNamespaceSchemaLocation="https://maven.apache.org/surefire/maven-surefire-plugin/xsd/surefire-test-report-3.0.xsd" version="3.0" name="pe.edu.vallegrande.ms_distribution.application.services.impl.FareServiceImplTest" time="0.63" tests="36" errors="0" skipped="0" failures="0">
  <properties>
[...]
</properties>
  <testcase name="saveF_ShouldFallback_WhenGetFareCodeThrows" classname="pe.edu.vallegrande.ms_distribution.application.services.impl.FareServiceImplTest" time="0.283">
    <system-out><![CDATA[00:34:59.844 [main] WARN pe.edu.vallegrande.ms_distribution.application.services.impl.FareServiceImpl -- Error extracting code from last fare, using default: boom
00:34:59.867 [main] INFO pe.edu.vallegrande.ms_distribution.application.services.impl.FareServiceImpl -- Fare created successfully with code: TAR001
]]></system-out>
  </testcase>
  <testcase name="getAllInactiveF_ShouldReturnItems" classname="pe.edu.vallegrande.ms_distribution.application.services.impl.FareServiceImplTest" time="0.009"/>
  <testcase name="saveF_ShouldFallbackToInitialCode_WhenLastFareCodeInvalid(String, String, String)[1]" classname="pe.edu.vallegrande.ms_distribution.application.services.impl.FareServiceImplTest" time="0.022">
    <system-out><![CDATA[00:34:59.975 [main] WARN pe.edu.vallegrande.ms_distribution.application.services.impl.FareServiceImpl -- Invalid fare code format: BAD_CODE, using default
00:34:59.976 [main] INFO pe.edu.vallegrande.ms_distribution.application.services.impl.FareServiceImpl -- Fare created successfully with code: TAR001
✅ Código inválido - Código generado: TAR001
]]></system-out>
  </testcase>
  <testcase name="saveF_ShouldFallbackToInitialCode_WhenLastFareCodeInvalid(String, String, String)[2]" classname="pe.edu.vallegrande.ms_distribution.application.services.impl.FareServiceImplTest" time="0.004">
    <system-out><![CDATA[00:34:59.992 [main] WARN pe.edu.vallegrande.ms_distribution.application.services.impl.FareServiceImpl -- Invalid fare code format: null, using default
00:34:59.992 [main] INFO pe.edu.vallegrande.ms_distribution.application.services.impl.FareServiceImpl -- Fare created successfully with code: TAR001
✅ Código null - Código generado: TAR001
]]></system-out>
  </testcase>
  <testcase name="saveF_ShouldFallbackToInitialCode_WhenLastFareCodeInvalid(String, String, String)[3]" classname="pe.edu.vallegrande.ms_distribution.application.services.impl.FareServiceImplTest" time="0.005">
    <system-out><![CDATA[00:34:59.999 [main] WARN pe.edu.vallegrande.ms_distribution.application.services.impl.FareServiceImpl -- Cannot parse numeric code: 9999999999999999999999999, using 0
00:34:59.999 [main] INFO pe.edu.vallegrande.ms_distribution.application.services.impl.FareServiceImpl -- Fare created successfully with code: TAR001
✅ Número demasiado grande - Código generado: TAR001
]]></system-out>
  </testcase>
  <testcase name="parseNumericCode_ShouldReturnZero_OnNull" classname="pe.edu.vallegrande.ms_distribution.application.services.impl.FareServiceImplTest" time="0.009"/>
  <testcase name="saveF_ShouldFallbackToInitialCode_WhenNumericPartEmpty" classname="pe.edu.vallegrande.ms_distribution.application.services.impl.FareServiceImplTest" time="0.01">
    <system-out><![CDATA[00:35:00.021 [main] INFO pe.edu.vallegrande.ms_distribution.application.services.impl.FareServiceImpl -- Fare created successfully with code: TAR001
]]></system-out>
  </testcase>
  <testcase name="validateCreateRequest_ShouldError_OnEmptyName" classname="pe.edu.vallegrande.ms_distribution.application.services.impl.FareServiceImplTest" time="0.008"/>
  <testcase name="deleteF_ShouldComplete_WhenExists" classname="pe.edu.vallegrande.ms_distribution.application.services.impl.FareServiceImplTest" time="0.013">
    <system-out><![CDATA[00:35:00.047 [main] INFO pe.edu.vallegrande.ms_distribution.application.services.impl.FareServiceImpl -- Deleting fare: fare-1
00:35:00.048 [main] INFO pe.edu.vallegrande.ms_distribution.application.services.impl.FareServiceImpl -- Fare deleted successfully: fare-1
]]></system-out>
  </testcase>
  <testcase name="validateCreateRequest_ShouldError_OnInvalidInputs" classname="pe.edu.vallegrande.ms_distribution.application.services.impl.FareServiceImplTest" time="0.009"/>
  <testcase name="getByIdFMono_ShouldReturnItem_WhenExists" classname="pe.edu.vallegrande.ms_distribution.application.services.impl.FareServiceImplTest" time="0.004"/>
  <testcase name="getAllActiveF_ShouldPropagateError" classname="pe.edu.vallegrande.ms_distribution.application.services.impl.FareServiceImplTest" time="0.007">
    <system-out><![CDATA[00:35:00.073 [main] ERROR pe.edu.vallegrande.ms_distribution.application.services.impl.FareServiceImpl -- Error retrieving active fares: DB error active
]]></system-out>
  </testcase>
  <testcase name="validateUpdateRequest_ShouldError_OnNull" classname="pe.edu.vallegrande.ms_distribution.application.services.impl.FareServiceImplTest" time="0.003"/>
  <testcase name="validateCreateRequest_ShouldError_OnBlankOrgAndName" classname="pe.edu.vallegrande.ms_distribution.application.services.impl.FareServiceImplTest" time="0.002"/>
  <testcase name="validateId_ShouldError_OnBlank" classname="pe.edu.vallegrande.ms_distribution.application.services.impl.FareServiceImplTest" time="0.004"/>
  <testcase name="validateCreateRequest_ShouldError_OnNullAmount" classname="pe.edu.vallegrande.ms_distribution.application.services.impl.FareServiceImplTest" time="0.003"/>
  <testcase name="saveF_ShouldGenerateSequentialCode_FromLastFare" classname="pe.edu.vallegrande.ms_distribution.application.services.impl.FareServiceImplTest" time="0.003">
    <system-out><![CDATA[00:35:00.094 [main] INFO pe.edu.vallegrande.ms_distribution.application.services.impl.FareServiceImpl -- Fare created successfully with code: TAR100
]]></system-out>
  </testcase>
  <testcase name="changeStatus_ShouldPersist_WhenDifferentStatus" classname="pe.edu.vallegrande.ms_distribution.application.services.impl.FareServiceImplTest" time="0.006">
    <system-out><![CDATA[00:35:00.099 [main] INFO pe.edu.vallegrande.ms_distribution.application.services.impl.FareServiceImpl -- Changing fare fare-1 status from INACTIVE to ACTIVE
]]></system-out>
  </testcase>
  <testcase name="updateF_ShouldIgnoreDescription_WhenProvided" classname="pe.edu.vallegrande.ms_distribution.application.services.impl.FareServiceImplTest" time="0.007">
    <system-out><![CDATA[00:35:00.109 [main] INFO pe.edu.vallegrande.ms_distribution.application.services.impl.FareServiceImpl -- Fare updated successfully: fare-4
]]></system-out>
  </testcase>
  <testcase name="saveF_ShouldCreateFare_WhenRequestIsValid" classname="pe.edu.vallegrande.ms_distribution.application.services.impl.FareServiceImplTest" time="0.005">
    <system-out><![CDATA[➡️ Iniciando prueba: Creando taria válida
00:35:00.113 [main] INFO pe.edu.vallegrande.ms_distribution.application.services.impl.FareServiceImpl -- Fare created successfully with code: TAR001
✅ Tarifa creada correctamente con código: TAR001
📌 Datos enviados al repositorio:
   Organización: 6896b2ecf3e398570ffd99d3
   Código: TAR001
   Nombre: Tarifa Básica
   Tipo: SEMANAL
   Monto: 15
   Estado: ACTIVE
✔️ Prueba finalizada con éxito

]]></system-out>
  </testcase>
  <testcase name="getByIdFMono_ShouldError_WhenNotFound" classname="pe.edu.vallegrande.ms_distribution.application.services.impl.FareServiceImplTest" time="0.004">
    <system-out><![CDATA[00:35:00.119 [main] ERROR pe.edu.vallegrande.ms_distribution.application.services.impl.FareServiceImpl -- Error finding fare with id fare-404: Fare not found
]]></system-out>
  </testcase>
  <testcase name="getAllInactiveF_ShouldPropagateError" classname="pe.edu.vallegrande.ms_distribution.application.services.impl.FareServiceImplTest" time="0.005">
    <system-out><![CDATA[00:35:00.125 [main] ERROR pe.edu.vallegrande.ms_distribution.application.services.impl.FareServiceImpl -- Error retrieving inactive fares: DB error inactive
]]></system-out>
  </testcase>
  <testcase name="deactivateF_ShouldPersist_WhenDifferentStatus" classname="pe.edu.vallegrande.ms_distribution.application.services.impl.FareServiceImplTest" time="0.004">
    <system-out><![CDATA[00:35:00.129 [main] INFO pe.edu.vallegrande.ms_distribution.application.services.impl.FareServiceImpl -- Changing fare fare-2 status from ACTIVE to INACTIVE
]]></system-out>
  </testcase>
  <testcase name="validateId_ShouldError_OnNull" classname="pe.edu.vallegrande.ms_distribution.application.services.impl.FareServiceImplTest" time="0.003"/>
  <testcase name="getAllF_ShouldReturnItems" classname="pe.edu.vallegrande.ms_distribution.application.services.impl.FareServiceImplTest" time="0.007"/>
  <testcase name="deleteF_ShouldError_WhenNotFound" classname="pe.edu.vallegrande.ms_distribution.application.services.impl.FareServiceImplTest" time="0.003">
    <system-out><![CDATA[00:35:00.144 [main] ERROR pe.edu.vallegrande.ms_distribution.application.services.impl.FareServiceImpl -- Error deleting fare fare-404: Fare not found
]]></system-out>
  </testcase>
  <testcase name="updateF_ShouldUpdateFields_WhenRequestValid" classname="pe.edu.vallegrande.ms_distribution.application.services.impl.FareServiceImplTest" time="0.009">
    <system-out><![CDATA[00:35:00.154 [main] INFO pe.edu.vallegrande.ms_distribution.application.services.impl.FareServiceImpl -- Fare updated successfully: fare-1
]]></system-out>
  </testcase>
  <testcase name="activateF_ShouldError_WhenNotFound" classname="pe.edu.vallegrande.ms_distribution.application.services.impl.FareServiceImplTest" time="0.006">
    <system-out><![CDATA[00:35:00.163 [main] ERROR pe.edu.vallegrande.ms_distribution.application.services.impl.FareServiceImpl -- Error changing status for fare fare-404: Fare not found
]]></system-out>
  </testcase>
  <testcase name="getAllActiveF_ShouldReturnItems" classname="pe.edu.vallegrande.ms_distribution.application.services.impl.FareServiceImplTest" time="0.007"/>
  <testcase name="updateF_ShouldNotChangeFareCode_WhenFareCodeNull" classname="pe.edu.vallegrande.ms_distribution.application.services.impl.FareServiceImplTest" time="0.008">
    <system-out><![CDATA[00:35:00.182 [main] INFO pe.edu.vallegrande.ms_distribution.application.services.impl.FareServiceImpl -- Fare updated successfully: fare-6
]]></system-out>
  </testcase>
  <testcase name="saveF_ShouldReturnError_WhenFareCodeAlreadyExists" classname="pe.edu.vallegrande.ms_distribution.application.services.impl.FareServiceImplTest" time="0.007">
    <system-out><![CDATA[➡️ Iniciando prueba negativa: Código de tarifa ya existe
00:35:00.188 [main] WARN pe.edu.vallegrande.ms_distribution.application.services.impl.FareServiceImpl -- Attempt to create fare with existing code: TAR001
00:35:00.189 [main] ERROR pe.edu.vallegrande.ms_distribution.application.services.impl.FareServiceImpl -- Error creating fare: Fare code already exists
❌ Error esperado: Fare code already exists
✔️ Prueba negativa finalizada con éxito

]]></system-out>
  </testcase>
  <testcase name="updateF_ShouldUpdateFareAmount_WhenPriceProvided" classname="pe.edu.vallegrande.ms_distribution.application.services.impl.FareServiceImplTest" time="0.004">
    <system-out><![CDATA[00:35:00.195 [main] INFO pe.edu.vallegrande.ms_distribution.application.services.impl.FareServiceImpl -- Fare updated successfully: fare-3
]]></system-out>
  </testcase>
  <testcase name="saveF_ShouldFallbackToInitialCode_WhenNumericPartNonDigits" classname="pe.edu.vallegrande.ms_distribution.application.services.impl.FareServiceImplTest" time="0.005">
    <system-out><![CDATA[00:35:00.200 [main] WARN pe.edu.vallegrande.ms_distribution.application.services.impl.FareServiceImpl -- Invalid numeric code format: ABC, using 0
00:35:00.201 [main] INFO pe.edu.vallegrande.ms_distribution.application.services.impl.FareServiceImpl -- Fare created successfully with code: TAR001
]]></system-out>
  </testcase>
  <testcase name="changeStatus_ShouldNoOp_WhenSameStatus" classname="pe.edu.vallegrande.ms_distribution.application.services.impl.FareServiceImplTest" time="0.004"/>
  <testcase name="updateF_ShouldUpdateOnlyFareCode_WhenPriceDescriptionNull" classname="pe.edu.vallegrande.ms_distribution.application.services.impl.FareServiceImplTest" time="0.003">
    <system-out><![CDATA[00:35:00.210 [main] INFO pe.edu.vallegrande.ms_distribution.application.services.impl.FareServiceImpl -- Fare updated successfully: fare-5
]]></system-out>
  </testcase>
  <testcase name="getAllF_ShouldPropagateError" classname="pe.edu.vallegrande.ms_distribution.application.services.impl.FareServiceImplTest" time="0.004">
    <system-out><![CDATA[00:35:00.214 [main] ERROR pe.edu.vallegrande.ms_distribution.application.services.impl.FareServiceImpl -- Error retrieving all fares: DB error
]]></system-out>
  </testcase>
</testsuite>